#
# A fatal error has been detected by the Java Runtime Environment:
#
#  SIGSEGV (0xb) at pc=0x00007ff8113b66b2, pid=800, tid=6403
#
# JRE version:  (11.0.13+7) (build )
# Java VM: OpenJDK 64-Bit Server VM (11.0.13+7-jvmci-21.3-b05, mixed mode, sharing, tiered, compressed oops, g1 gc, bsd-amd64)
# Problematic frame:
# C  [libsystem_platform.dylib+0x16b2]  _platform_strlen+0x12
#
# No core dump will be written. Core dumps have been disabled. To enable core dumping, try "ulimit -c unlimited" before starting Java again
#
#

---------------  S U M M A R Y ------------

Command Line: 

Host: MacBookPro14,3 x86_64 2800 MHz, 8 cores, 16G, Darwin 21.5.0
Time: Wed Jul 20 02:26:29 2022 CDT elapsed time: 0.059736 seconds (0d 0h 0m 0s)

---------------  T H R E A D  ---------------

Current thread (0x00007f7c6e00b000):  JavaThread "Unknown thread" [_thread_in_vm, id=6403, stack(0x000070000ae06000,0x000070000af06000)]

Stack: [0x000070000ae06000,0x000070000af06000],  sp=0x000070000af05b60,  free space=1022k
Native frames: (J=compiled Java code, A=aot compiled Java code, j=interpreted, Vv=VM code, C=native code)
C  [libsystem_platform.dylib+0x16b2]  _platform_strlen+0x12
V  [libjvm.dylib+0x1f24d9]  _ZN11ClassLoader22setup_boot_search_pathEPKc+0x1d
V  [libjvm.dylib+0x1f4e81]  _ZN11ClassLoader10initializeEv+0x5d3
V  [libjvm.dylib+0x38c289]  _Z12init_globalsv+0x2d
V  [libjvm.dylib+0x75ae81]  _ZN7Threads9create_vmEP14JavaVMInitArgsPb+0x285
V  [libjvm.dylib+0x3fafa6]  JNI_CreateJavaVM+0x60
C  [libjli.dylib+0x40bc]  JavaMain+0x10b
C  [libjli.dylib+0x6d93]  ThreadJavaMain+0x9
C  [libsystem_pthread.dylib+0x64e1]  _pthread_start+0x7d
C  [libsystem_pthread.dylib+0x1f6b]  thread_start+0xf


siginfo: si_signo: 11 (SIGSEGV), si_code: 1 (SEGV_MAPERR), si_addr: 0x0000000000000000

Registers:
RAX=0x0000000101c375ba, RBX=0x0000000101c3b648, RCX=0x0000000000000000, RDX=0x0000000000000000
RSP=0x000070000af05b60, RBP=0x000070000af05b60, RSI=0x0000000000000000, RDI=0x0000000000000000
R8 =0x0000000000000000, R9 =0x0000000000000000, R10=0x000070000af053c0, R11=0x000070000af052b1
R12=0x00007f7c6e00b000, R13=0x000070000af05f70, R14=0x00000001018b23be, R15=0x000070000af05ee7
RIP=0x00007ff8113b66b2, EFLAGS=0x0000000000010246, ERR=0x0000000000000004
  TRAPNO=0x000000000000000e

Top of Stack: (sp=0x000070000af05b60)
0x000070000af05b60:   000070000af05c80 00000001014924d9
0x000070000af05b70:   0000600001174050 0000000000000008
0x000070000af05b80:   0000600003d63080 0000000000000040
0x000070000af05b90:   000070000af05bc0 000000010192c25a
0x000070000af05ba0:   0000000000000038 0000000000000008
0x000070000af05bb0:   0000600000664f00 0000000000000040
0x000070000af05bc0:   000070000af05c20 000000010192a847
0x000070000af05bd0:   000070000af05c00 00000001018d516b
0x000070000af05be0:   0000600001174050 0000600000664f00
0x000070000af05bf0:   0000600001174070 0000600003d63100
0x000070000af05c00:   000070000af05c40 000000010192aeca
0x000070000af05c10:   0000600000664f00 0000600000664f00
0x000070000af05c20:   0000000000000004 0000000101a7ff84
0x000070000af05c30:   000000000000000b 0000000000000000
0x000070000af05c40:   9d0e84cc21ff0044 0000000000000000
0x000070000af05c50:   00000001018b23be 0000000101c3b648
0x000070000af05c60:   00007f7c6e00b000 000070000af05f70
0x000070000af05c70:   00000001018b23be 000070000af05ee7
0x000070000af05c80:   000070000af05cb0 0000000101494e81
0x000070000af05c90:   00007f7c6e00b000 00007f7c6e00b000
0x000070000af05ca0:   0000000101c3b648 00000001018b23be
0x000070000af05cb0:   000070000af05d00 000000010162c289
0x000070000af05cc0:   00007f7c6e00b000 000060000066c1c0
0x000070000af05cd0:   0000600002c68000 0000600002c68010
0x000070000af05ce0:   0000600002c680e8 00000000000000d8
0x000070000af05cf0:   000060000066c200 0000000101c3b648
0x000070000af05d00:   000070000af05e90 00000001019fae81
0x000070000af05d10:   0000000000000000 0000000000000000
0x000070000af05d20:   0000000000000000 0000000000000000
0x000070000af05d30:   0000000000000000 0000000000000000
0x000070000af05d40:   0000000000000000 0000000000000000
0x000070000af05d50:   0000000000000100 0000000000000000 

Instructions: (pc=0x00007ff8113b66b2)
0x00007ff8113b65b2:   74 09 48 83 c1 01 48 39 d1 72 e3 5d c3 90 55 48
0x00007ff8113b65c2:   89 e5 48 81 e6 ff 00 00 00 48 0f af 35 55 6e 00
0x00007ff8113b65d2:   00 66 48 0f 6e c6 48 89 f8 48 83 fa 40 0f 82 92
0x00007ff8113b65e2:   00 00 00 48 81 fa 00 80 00 00 0f 82 3e 00 00 00
0x00007ff8113b65f2:   e9 28 00 00 00 66 0f 1f 84 00 00 00 00 00 55 48
0x00007ff8113b6602:   89 e5 48 89 f2 48 31 f6 0f 57 c0 48 89 f8 48 83
0x00007ff8113b6612:   fa 40 72 61 48 81 fa 00 80 00 00 72 11 48 89 d1
0x00007ff8113b6622:   48 89 f0 48 89 fa fc f3 aa 48 89 d0 5d c3 c4 e2
0x00007ff8113b6632:   7d 18 c0 c5 fc 11 07 48 83 c7 20 48 83 e7 e0 48
0x00007ff8113b6642:   89 f9 48 29 c1 48 29 ca 48 83 ea 40 76 13 c5 fc
0x00007ff8113b6652:   29 07 c5 fc 29 47 20 48 83 c7 40 48 83 ea 40 77
0x00007ff8113b6662:   ed c5 fc 11 04 17 c5 fc 11 44 17 20 c5 f8 77 5d
0x00007ff8113b6672:   c3 48 89 34 17 48 83 ea 08 73 f6 48 83 c2 08 74
0x00007ff8113b6682:   0b 40 88 74 17 ff 48 83 ea 01 75 f5 5d c3 90 90
0x00007ff8113b6692:   90 90 90 90 90 90 90 90 90 90 90 90 90 90 55 48
0x00007ff8113b66a2:   89 e5 48 89 f9 48 89 fa 48 83 e7 f0 66 0f ef c0
0x00007ff8113b66b2:   66 0f 74 07 66 0f d7 f0 48 83 e1 0f 48 83 c8 ff
0x00007ff8113b66c2:   48 d3 e0 21 c6 74 17 0f bc c6 48 29 d7 48 01 f8
0x00007ff8113b66d2:   5d c3 66 2e 0f 1f 84 00 00 00 00 00 66 90 48 83
0x00007ff8113b66e2:   c7 10 66 0f ef c0 66 0f 74 07 66 0f d7 f0 85 f6
0x00007ff8113b66f2:   74 ec eb d3 65 48 8b 0c 25 18 00 00 00 41 89 c8
0x00007ff8113b6702:   31 c0 f0 4c 0f b1 07 0f 85 de 1f 00 00 e9 00 00
0x00007ff8113b6712:   00 00 55 48 89 e5 41 56 53 41 89 ce 48 89 fb 48
0x00007ff8113b6722:   89 f7 ff d2 48 c7 c6 ff ff ff ff 48 87 33 44 39
0x00007ff8113b6732:   f6 75 05 5b 41 5e 5d c3 48 89 df 44 89 f2 5b 41
0x00007ff8113b6742:   5e 5d e9 91 20 00 00 65 8b 14 25 18 00 00 00 31
0x00007ff8113b6752:   c0 f0 0f b1 17 75 01 c3 31 f6 e9 82 0a 00 00 55
0x00007ff8113b6762:   48 89 e5 8b 3f 89 f8 83 c8 01 65 3b 04 25 18 00
0x00007ff8113b6772:   00 00 75 02 5d c3 e8 23 68 00 00 90 90 90 ba ff
0x00007ff8113b6782:   ff ff ff 0f bc c7 0f 44 c2 ff c0 c3 66 90 ba ff
0x00007ff8113b6792:   ff ff ff 48 0f bc c7 0f 44 c2 ff c0 c3 90 ba ff
0x00007ff8113b67a2:   ff ff ff 0f bd c7 0f 44 c2 ff c0 c3 66 90 ba ff 



---------------  P R O C E S S  ---------------

Threads class SMR info:
_java_thread_list=0x0000600001360520, length=0, elements={
}

Java Threads: ( => current thread )

Other Threads:

=>0x00007f7c6e00b000 (exited) JavaThread "Unknown thread" [_thread_in_vm, id=6403, stack(0x000070000ae06000,0x000070000af06000)]

Threads with active compile tasks:

VM state:not at safepoint (not fully initialized)

VM Mutex/Monitor currently owned by a thread: None


[error occurred during error reporting (printing compressed oops mode), id 0xb, SIGSEGV (0xb) at pc=0x0000000101a147e4]

Deoptimization events (0 events):
No events

Classes redefined (0 events):
No events

Internal exceptions (0 events):
No events

Events (2 events):
Event: 0.046 Protecting memory [0x000070000ae06000,0x000070000ae0a000] with protection modes 0
Event: 0.058 Loaded shared library /Users/saladin/graalvm-ce-java11-21.3.0/Contents/Home/lib/libzip.dylib


Dynamic libraries:
0x000000010050a000 	/Users/saladin/graalvm-ce-java11-21.3.0/Contents/Home/lib/jli/libjli.dylib
0x00007ff8281ff000 	/System/Library/Frameworks/Cocoa.framework/Versions/A/Cocoa
0x00007ff813e68000 	/System/Library/Frameworks/AppKit.framework/Versions/C/AppKit
0x00007ff81737b000 	/System/Library/Frameworks/CoreData.framework/Versions/A/CoreData
0x00007ff81226c000 	/System/Library/Frameworks/Foundation.framework/Versions/C/Foundation
0x00007ff81c194000 	/usr/lib/libSystem.B.dylib
0x00007ff814cf7000 	/System/Library/PrivateFrameworks/UIFoundation.framework/Versions/A/UIFoundation
0x00007ff822103000 	/System/Library/PrivateFrameworks/RemoteViewServices.framework/Versions/A/RemoteViewServices
0x00007ff81a3e9000 	/System/Library/PrivateFrameworks/XCTTargetBootstrap.framework/Versions/A/XCTTargetBootstrap
0x00007ff81df9b000 	/System/Library/PrivateFrameworks/InternationalSupport.framework/Versions/A/InternationalSupport
0x00007ff81e025000 	/System/Library/PrivateFrameworks/UserActivity.framework/Versions/A/UserActivity
0x00007ff81d37b000 	/usr/lib/libspindump.dylib
0x00007ff814f85000 	/System/Library/Frameworks/UniformTypeIdentifiers.framework/Versions/A/UniformTypeIdentifiers
0x00007ff818b11000 	/usr/lib/libapp_launch_measurement.dylib
0x00007ff817d4c000 	/System/Library/PrivateFrameworks/CoreAnalytics.framework/Versions/A/CoreAnalytics
0x00007ff818b14000 	/System/Library/PrivateFrameworks/CoreAutoLayout.framework/Versions/A/CoreAutoLayout
0x00007ff819d43000 	/System/Library/Frameworks/Metal.framework/Versions/A/Metal
0x00007ff81aa6e000 	/usr/lib/liblangid.dylib
0x00007ff81a3ee000 	/System/Library/PrivateFrameworks/CoreSVG.framework/Versions/A/CoreSVG
0x00007ff816370000 	/System/Library/PrivateFrameworks/SkyLight.framework/Versions/A/SkyLight
0x00007ff81670e000 	/System/Library/Frameworks/CoreGraphics.framework/Versions/A/CoreGraphics
0x00007ff8227c3000 	/System/Library/Frameworks/Accelerate.framework/Versions/A/Accelerate
0x00007ff81cdfa000 	/System/Library/PrivateFrameworks/IconServices.framework/Versions/A/IconServices
0x00007ff819d28000 	/System/Library/Frameworks/IOSurface.framework/Versions/A/IOSurface
0x00007ff817d7a000 	/usr/lib/libDiagnosticMessagesClient.dylib
0x00007ff81c0b4000 	/usr/lib/libz.1.dylib
0x00007ff825ea3000 	/System/Library/Frameworks/ApplicationServices.framework/Versions/A/ApplicationServices
0x00007ff81a3d5000 	/System/Library/PrivateFrameworks/DFRFoundation.framework/Versions/A/DFRFoundation
0x00007ff813750000 	/usr/lib/libicucore.A.dylib
0x00007ff81ed90000 	/System/Library/Frameworks/AudioToolbox.framework/Versions/A/AudioToolbox
0x00007ff81dfa7000 	/System/Library/PrivateFrameworks/DataDetectorsCore.framework/Versions/A/DataDetectorsCore
0x00007ff91a48e000 	/System/Library/PrivateFrameworks/TextInput.framework/Versions/A/TextInput
0x00007ff8162f3000 	/usr/lib/libMobileGestalt.dylib
0x00007ff81a0e1000 	/System/Library/Frameworks/Carbon.framework/Versions/A/Frameworks/HIToolbox.framework/Versions/A/HIToolbox
0x00007ff818517000 	/System/Library/Frameworks/QuartzCore.framework/Versions/A/QuartzCore
0x00007ff8133f5000 	/System/Library/Frameworks/Security.framework/Versions/A/Security
0x00007ff82213b000 	/System/Library/Frameworks/Carbon.framework/Versions/A/Frameworks/SpeechRecognition.framework/Versions/A/SpeechRecognition
0x00007ff818871000 	/System/Library/PrivateFrameworks/CoreUI.framework/Versions/A/CoreUI
0x00007ff812cc0000 	/System/Library/Frameworks/CoreAudio.framework/Versions/A/CoreAudio
0x00007ff817e69000 	/System/Library/Frameworks/DiskArbitration.framework/Versions/A/DiskArbitration
0x00007ff81d769000 	/System/Library/PrivateFrameworks/MultitouchSupport.framework/Versions/A/MultitouchSupport
0x00007ff8162f2000 	/usr/lib/libenergytrace.dylib
0x00007ff813d54000 	/System/Library/Frameworks/IOKit.framework/Versions/A/IOKit
0x00007ff82252b000 	/System/Library/Frameworks/CoreServices.framework/Versions/A/CoreServices
0x00007ff818aab000 	/System/Library/PrivateFrameworks/PerformanceAnalysis.framework/Versions/A/PerformanceAnalysis
0x00007ffa2a173000 	/System/Library/Frameworks/OpenGL.framework/Versions/A/OpenGL
0x00007ff81b6d0000 	/System/Library/PrivateFrameworks/MobileKeyBag.framework/Versions/A/MobileKeyBag
0x00007ff811230000 	/usr/lib/libobjc.A.dylib
0x00007ff816dda000 	/System/Library/Frameworks/ColorSync.framework/Versions/A/ColorSync
0x00007ff8113ea000 	/System/Library/Frameworks/CoreFoundation.framework/Versions/A/CoreFoundation
0x00007ff81a664000 	/System/Library/Frameworks/CoreImage.framework/Versions/A/CoreImage
0x00007ff812ad4000 	/System/Library/Frameworks/CoreText.framework/Versions/A/CoreText
0x00007ff81a41e000 	/System/Library/Frameworks/ImageIO.framework/Versions/A/ImageIO
0x00007ff81c19a000 	/System/Library/PrivateFrameworks/SoftLinking.framework/Versions/A/SoftLinking
0x00007ff818b5c000 	/usr/lib/libxml2.2.dylib
0x00007ff8112f6000 	/usr/lib/libc++.1.dylib
0x00007ff81c41e000 	/usr/lib/libcompression.dylib
0x00007ff81dece000 	/System/Library/PrivateFrameworks/TextureIO.framework/Versions/A/TextureIO
0x00007ff81cb0c000 	/usr/lib/libate.dylib
0x00007ff81c18f000 	/usr/lib/system/libcache.dylib
0x00007ff81c14b000 	/usr/lib/system/libcommonCrypto.dylib
0x00007ff81c174000 	/usr/lib/system/libcompiler_rt.dylib
0x00007ff81c16a000 	/usr/lib/system/libcopyfile.dylib
0x00007ff81112b000 	/usr/lib/system/libcorecrypto.dylib
0x00007ff8111e9000 	/usr/lib/system/libdispatch.dylib
0x00007ff8113a9000 	/usr/lib/system/libdyld.dylib
0x00007ff81c186000 	/usr/lib/system/libkeymgr.dylib
0x00007ff81c129000 	/usr/lib/system/libmacho.dylib
0x00007ff81b7aa000 	/usr/lib/system/libquarantine.dylib
0x00007ff81c184000 	/usr/lib/system/libremovefile.dylib
0x00007ff816340000 	/usr/lib/system/libsystem_asl.dylib
0x00007ff8110d4000 	/usr/lib/system/libsystem_blocks.dylib
0x00007ff81126d000 	/usr/lib/system/libsystem_c.dylib
0x00007ff81c17c000 	/usr/lib/system/libsystem_collections.dylib
0x00007ff81aa5e000 	/usr/lib/system/libsystem_configuration.dylib
0x00007ff819d0b000 	/usr/lib/system/libsystem_containermanager.dylib
0x00007ff81be61000 	/usr/lib/system/libsystem_coreservices.dylib
0x00007ff8139e4000 	/usr/lib/system/libsystem_darwin.dylib
0x00007ff81c187000 	/usr/lib/system/libsystem_dnssd.dylib
0x00007ff81126a000 	/usr/lib/system/libsystem_featureflags.dylib
0x00007ff8113bf000 	/usr/lib/system/libsystem_info.dylib
0x00007ff81c0c7000 	/usr/lib/system/libsystem_m.dylib
0x00007ff8111bd000 	/usr/lib/system/libsystem_malloc.dylib
0x00007ff8162db000 	/usr/lib/system/libsystem_networkextension.dylib
0x00007ff813e0a000 	/usr/lib/system/libsystem_notify.dylib
0x00007ff822400000 	/usr/lib/system/libsystem_product_info_filter.dylib
0x00007ff81aa62000 	/usr/lib/system/libsystem_sandbox.dylib
0x00007ff81c181000 	/usr/lib/system/libsystem_secinit.dylib
0x00007ff811365000 	/usr/lib/system/libsystem_kernel.dylib
0x00007ff8113b5000 	/usr/lib/system/libsystem_platform.dylib
0x00007ff81139d000 	/usr/lib/system/libsystem_pthread.dylib
0x00007ff817b8c000 	/usr/lib/system/libsystem_symptoms.dylib
0x00007ff811112000 	/usr/lib/system/libsystem_trace.dylib
0x00007ff81c157000 	/usr/lib/system/libunwind.dylib
0x00007ff8110d6000 	/usr/lib/system/libxpc.dylib
0x00007ff81134f000 	/usr/lib/libc++abi.dylib
0x00007ff81c162000 	/usr/lib/liboah.dylib
0x00007ff81c8e8000 	/usr/lib/liblzma.5.dylib
0x00007ff811f7b000 	/System/Library/Frameworks/SystemConfiguration.framework/Versions/A/SystemConfiguration
0x00007ff81c196000 	/usr/lib/libfakelink.dylib
0x00007ff815e4c000 	/System/Library/Frameworks/CFNetwork.framework/Versions/A/CFNetwork
0x00007ff81c2d7000 	/usr/lib/libarchive.2.dylib
0x00007ff81aa6a000 	/System/Library/PrivateFrameworks/AppleSystemInfo.framework/Versions/A/AppleSystemInfo
0x00007ff81b7d1000 	/usr/lib/libbsm.0.dylib
0x00007ff81545b000 	/usr/lib/libnetwork.dylib
0x00007ff81c12f000 	/usr/lib/system/libkxld.dylib
0x00007ff81b404000 	/System/Library/PrivateFrameworks/IOMobileFramebuffer.framework/Versions/A/IOMobileFramebuffer
0x00007ffb29547000 	/usr/lib/libCoreEntitlements.dylib
0x00007ff81be43000 	/System/Library/PrivateFrameworks/AppleFSCompression.framework/Versions/A/AppleFSCompression
0x00007ff81b7b9000 	/usr/lib/libcoretls.dylib
0x00007ff81c902000 	/usr/lib/libcoretls_cfhelpers.dylib
0x00007ff81c419000 	/usr/lib/libpam.2.dylib
0x00007ff8177ac000 	/usr/lib/libsqlite3.dylib
0x00007ff81c971000 	/usr/lib/libxar.1.dylib
0x00007ff81be53000 	/usr/lib/libbz2.1.0.dylib
0x00007ff81c19b000 	/usr/lib/libpcap.A.dylib
0x00007ff817b84000 	/usr/lib/libdns_services.dylib
0x00007ff81c3e9000 	/usr/lib/libapple_nghttp2.dylib
0x00007ff81c1d5000 	/usr/lib/libiconv.2.dylib
0x00007ff81c128000 	/usr/lib/libcharset.1.dylib
0x00007ff818adf000 	/System/Library/Frameworks/CoreServices.framework/Versions/A/Frameworks/FSEvents.framework/Versions/A/FSEvents
0x00007ff8139ee000 	/System/Library/Frameworks/CoreServices.framework/Versions/A/Frameworks/CarbonCore.framework/Versions/A/CarbonCore
0x00007ff817dcd000 	/System/Library/Frameworks/CoreServices.framework/Versions/A/Frameworks/Metadata.framework/Versions/A/Metadata
0x00007ff81be66000 	/System/Library/Frameworks/CoreServices.framework/Versions/A/Frameworks/OSServices.framework/Versions/A/OSServices
0x00007ff81c35e000 	/System/Library/Frameworks/CoreServices.framework/Versions/A/Frameworks/SearchKit.framework/Versions/A/SearchKit
0x00007ff817b17000 	/System/Library/Frameworks/CoreServices.framework/Versions/A/Frameworks/AE.framework/Versions/A/AE
0x00007ff8118ed000 	/System/Library/Frameworks/CoreServices.framework/Versions/A/Frameworks/LaunchServices.framework/Versions/A/LaunchServices
0x00007ff81c899000 	/System/Library/Frameworks/CoreServices.framework/Versions/A/Frameworks/DictionaryServices.framework/Versions/A/DictionaryServices
0x00007ff818aec000 	/System/Library/Frameworks/CoreServices.framework/Versions/A/Frameworks/SharedFileList.framework/Versions/A/SharedFileList
0x00007ff81b7ad000 	/usr/lib/libCheckFix.dylib
0x00007ff816357000 	/System/Library/PrivateFrameworks/TCC.framework/Versions/A/TCC
0x00007ff81aa70000 	/System/Library/PrivateFrameworks/CoreNLP.framework/Versions/A/CoreNLP
0x00007ff817d7d000 	/System/Library/PrivateFrameworks/MetadataUtilities.framework/Versions/A/MetadataUtilities
0x00007ff81202f000 	/usr/lib/libmecabra.dylib
0x00007ff81b7e1000 	/usr/lib/libmecab.dylib
0x00007ff811ffa000 	/usr/lib/libCRFSuite.dylib
0x00007ff81b83b000 	/usr/lib/libgermantok.dylib
0x00007ff81c3c4000 	/usr/lib/libThaiTokenizer.dylib
0x00007ff817e70000 	/System/Library/Frameworks/Accelerate.framework/Versions/A/Frameworks/vImage.framework/Versions/A/vImage
0x00007ff822502000 	/System/Library/Frameworks/Accelerate.framework/Versions/A/Frameworks/vecLib.framework/Versions/A/vecLib
0x00007ff81c9b2000 	/System/Library/Frameworks/Accelerate.framework/Versions/A/Frameworks/vecLib.framework/Versions/A/libvMisc.dylib
0x00007ff81b22f000 	/System/Library/Frameworks/Accelerate.framework/Versions/A/Frameworks/vecLib.framework/Versions/A/libvDSP.dylib
0x00007ff811c6b000 	/System/Library/Frameworks/Accelerate.framework/Versions/A/Frameworks/vecLib.framework/Versions/A/libBLAS.dylib
0x00007ff81c4fb000 	/System/Library/Frameworks/Accelerate.framework/Versions/A/Frameworks/vecLib.framework/Versions/A/libLAPACK.dylib
0x00007ff81b83e000 	/System/Library/Frameworks/Accelerate.framework/Versions/A/Frameworks/vecLib.framework/Versions/A/libLinearAlgebra.dylib
0x00007ff81c401000 	/System/Library/Frameworks/Accelerate.framework/Versions/A/Frameworks/vecLib.framework/Versions/A/libSparseBLAS.dylib
0x00007ff81c4f5000 	/System/Library/Frameworks/Accelerate.framework/Versions/A/Frameworks/vecLib.framework/Versions/A/libQuadrature.dylib
0x00007ff81ab5b000 	/System/Library/Frameworks/Accelerate.framework/Versions/A/Frameworks/vecLib.framework/Versions/A/libBNNS.dylib
0x00007ff811f05000 	/System/Library/Frameworks/Accelerate.framework/Versions/A/Frameworks/vecLib.framework/Versions/A/libSparse.dylib
0x00007ff81ab54000 	/System/Library/PrivateFrameworks/LinguisticData.framework/Versions/A/LinguisticData
0x00007ff811ebb000 	/System/Library/PrivateFrameworks/Lexicon.framework/Versions/A/Lexicon
0x00007ff81c9ab000 	/usr/lib/libChineseTokenizer.dylib
0x00007ff812629000 	/System/Library/PrivateFrameworks/LanguageModeling.framework/Versions/A/LanguageModeling
0x00007ff81c3c6000 	/System/Library/PrivateFrameworks/AppleSauce.framework/Versions/A/AppleSauce
0x00007ff81b3f2000 	/System/Library/PrivateFrameworks/CoreEmoji.framework/Versions/A/CoreEmoji
0x00007ff81c2c6000 	/usr/lib/libcmph.dylib
0x00007ff818ac3000 	/System/Library/Frameworks/OpenDirectory.framework/Versions/A/Frameworks/CFOpenDirectory.framework/Versions/A/CFOpenDirectory
0x00007ff818ab7000 	/System/Library/Frameworks/OpenDirectory.framework/Versions/A/OpenDirectory
0x00007ff81c904000 	/System/Library/PrivateFrameworks/APFS.framework/Versions/A/APFS
0x00007ff81b708000 	/System/Library/Frameworks/SecurityFoundation.framework/Versions/A/SecurityFoundation
0x00007ff81c97f000 	/usr/lib/libutil.dylib
0x00007ff813d18000 	/System/Library/PrivateFrameworks/CoreServicesStore.framework/Versions/A/CoreServicesStore
0x00007ff81c983000 	/usr/lib/libxslt.1.dylib
0x00007ff81b795000 	/System/Library/PrivateFrameworks/BackgroundTaskManagement.framework/Versions/A/BackgroundTaskManagement
0x00007ff81ddee000 	/System/Library/Frameworks/ImageIO.framework/Versions/A/Resources/libRadiance.dylib
0x00007ff81ddf7000 	/System/Library/Frameworks/ImageIO.framework/Versions/A/Resources/libJPEG.dylib
0x00007ff81dd48000 	/System/Library/Frameworks/ImageIO.framework/Versions/A/Resources/libPng.dylib
0x00007ff81dd69000 	/System/Library/Frameworks/ImageIO.framework/Versions/A/Resources/libTIFF.dylib
0x00007ff81de57000 	/System/Library/Frameworks/ImageIO.framework/Versions/A/Resources/libGIF.dylib
0x00007ff81d683000 	/System/Library/Frameworks/ImageIO.framework/Versions/A/Resources/libJP2.dylib
0x00007ff81cdc1000 	/usr/lib/libexpat.1.dylib
0x00007ff81d638000 	/System/Library/PrivateFrameworks/AppleJPEG.framework/Versions/A/AppleJPEG
0x00007ff819fa5000 	/System/Library/PrivateFrameworks/FontServices.framework/libFontParser.dylib
0x00007ff817ac1000 	/System/Library/PrivateFrameworks/RunningBoardServices.framework/Versions/A/RunningBoardServices
0x00007ff8287ba000 	/System/Library/PrivateFrameworks/IOSurfaceAccelerator.framework/Versions/A/IOSurfaceAccelerator
0x00007ff81d765000 	/System/Library/PrivateFrameworks/WatchdogClient.framework/Versions/A/WatchdogClient
0x00007ff812717000 	/System/Library/Frameworks/CoreDisplay.framework/Versions/A/CoreDisplay
0x00007ff819ea3000 	/System/Library/Frameworks/CoreMedia.framework/Versions/A/CoreMedia
0x00007ff819d3a000 	/System/Library/PrivateFrameworks/IOAccelerator.framework/Versions/A/IOAccelerator
0x00007ff818c40000 	/System/Library/Frameworks/CoreVideo.framework/Versions/A/CoreVideo
0x00007ff81c417000 	/System/Library/Frameworks/MetalPerformanceShaders.framework/Versions/A/MetalPerformanceShaders
0x00007ff81d7a2000 	/System/Library/Frameworks/VideoToolbox.framework/Versions/A/VideoToolbox
0x00007ff817a0b000 	/System/Library/PrivateFrameworks/BaseBoard.framework/Versions/A/BaseBoard
0x00007ff817792000 	/System/Library/PrivateFrameworks/ProtocolBuffer.framework/Versions/A/ProtocolBuffer
0x00007ff81dde7000 	/System/Library/PrivateFrameworks/GPUWrangler.framework/Versions/A/GPUWrangler
0x00007ff81ddcb000 	/System/Library/PrivateFrameworks/IOPresentment.framework/Versions/A/IOPresentment
0x00007ff81ddf1000 	/System/Library/PrivateFrameworks/DSExternalDisplay.framework/Versions/A/DSExternalDisplay
0x00007ffa2a167000 	/System/Library/Frameworks/OpenGL.framework/Versions/A/Libraries/libCoreFSCache.dylib
0x00007ffb16c6b000 	/System/Library/PrivateFrameworks/GPUCompiler.framework/Versions/31001/Libraries/libGPUCompilerUtils.dylib
0x00007ff81de5c000 	/System/Library/PrivateFrameworks/CMCaptureCore.framework/Versions/A/CMCaptureCore
0x00007ff81d369000 	/System/Library/PrivateFrameworks/AppServerSupport.framework/Versions/A/AppServerSupport
0x00007ff81f628000 	/System/Library/PrivateFrameworks/perfdata.framework/Versions/A/perfdata
0x00007ff812843000 	/System/Library/PrivateFrameworks/AudioToolboxCore.framework/Versions/A/AudioToolboxCore
0x00007ff819e81000 	/System/Library/PrivateFrameworks/caulk.framework/Versions/A/caulk
0x00007ff81ef3a000 	/usr/lib/libAudioStatistics.dylib
0x00007ff916c31000 	/System/Library/PrivateFrameworks/SystemPolicy.framework/Versions/A/SystemPolicy
0x00007ff81f195000 	/usr/lib/libSMC.dylib
0x00007ff8280b2000 	/System/Library/Frameworks/CoreMIDI.framework/Versions/A/CoreMIDI
0x00007ff81dd17000 	/usr/lib/libAudioToolboxUtility.dylib
0x00007ff912e66000 	/System/Library/PrivateFrameworks/OSAServicesClient.framework/Versions/A/OSAServicesClient
0x00007ff81f635000 	/usr/lib/libperfcheck.dylib
0x00007ff9176db000 	/usr/lib/libmis.dylib
0x00007ffa2a1c2000 	/System/Library/Frameworks/OpenGL.framework/Versions/A/Libraries/libGLU.dylib
0x00007ffa2a186000 	/System/Library/Frameworks/OpenGL.framework/Versions/A/Libraries/libGFXShared.dylib
0x00007ffa2a38f000 	/System/Library/Frameworks/OpenGL.framework/Versions/A/Libraries/libGL.dylib
0x00007ffa2a18f000 	/System/Library/Frameworks/OpenGL.framework/Versions/A/Libraries/libGLImage.dylib
0x00007ffa2a183000 	/System/Library/Frameworks/OpenGL.framework/Versions/A/Libraries/libCVMSPluginSupport.dylib
0x00007ffa2a16e000 	/System/Library/Frameworks/OpenGL.framework/Versions/A/Libraries/libCoreVMClient.dylib
0x00007ff81a9ec000 	/System/Library/Frameworks/MetalPerformanceShaders.framework/Versions/A/Frameworks/MPSCore.framework/Versions/A/MPSCore
0x00007ff81bdae000 	/System/Library/Frameworks/MetalPerformanceShaders.framework/Versions/A/Frameworks/MPSImage.framework/Versions/A/MPSImage
0x00007ff81b854000 	/System/Library/Frameworks/MetalPerformanceShaders.framework/Versions/A/Frameworks/MPSNeuralNetwork.framework/Versions/A/MPSNeuralNetwork
0x00007ff81bcc8000 	/System/Library/Frameworks/MetalPerformanceShaders.framework/Versions/A/Frameworks/MPSMatrix.framework/Versions/A/MPSMatrix
0x00007ff81ba83000 	/System/Library/Frameworks/MetalPerformanceShaders.framework/Versions/A/Frameworks/MPSRayIntersector.framework/Versions/A/MPSRayIntersector
0x00007ff81bd00000 	/System/Library/Frameworks/MetalPerformanceShaders.framework/Versions/A/Frameworks/MPSNDArray.framework/Versions/A/MPSNDArray
0x00007ffa2f389000 	/System/Library/Frameworks/MetalPerformanceShaders.framework/Versions/A/Frameworks/MPSFunctions.framework/Versions/A/MPSFunctions
0x00007ff811b44000 	/System/Library/PrivateFrameworks/MetalTools.framework/Versions/A/MetalTools
0x00007ff81aa68000 	/System/Library/PrivateFrameworks/AggregateDictionary.framework/Versions/A/AggregateDictionary
0x00007ff81cba3000 	/usr/lib/libIOReport.dylib
0x00007ffa2b79e000 	/System/Library/Frameworks/OpenCL.framework/Versions/A/OpenCL
0x00007ff81cf07000 	/System/Library/PrivateFrameworks/FaceCore.framework/Versions/A/FaceCore
0x00007ff81cef8000 	/System/Library/PrivateFrameworks/GraphVisualizer.framework/Versions/A/GraphVisualizer
0x00007ffb16b76000 	/System/Library/PrivateFrameworks/FontServices.framework/Versions/A/FontServices
0x00007ff81d321000 	/System/Library/PrivateFrameworks/OTSVG.framework/Versions/A/OTSVG
0x00007ff818827000 	/System/Library/Frameworks/ApplicationServices.framework/Versions/A/Frameworks/ATS.framework/Versions/A/Resources/libFontRegistry.dylib
0x00007ff81d371000 	/System/Library/PrivateFrameworks/FontServices.framework/libhvf.dylib
0x00007ffb16b77000 	/System/Library/PrivateFrameworks/FontServices.framework/libXTFontStaticRegistryData.dylib
0x00007ff81cd71000 	/System/Library/PrivateFrameworks/AppleVA.framework/Versions/A/AppleVA
0x00007ff81ef5a000 	/System/Library/Frameworks/ApplicationServices.framework/Versions/A/Frameworks/ATS.framework/Versions/A/ATS
0x00007ff816ed8000 	/System/Library/Frameworks/ApplicationServices.framework/Versions/A/Frameworks/HIServices.framework/Versions/A/HIServices
0x00007ff81de66000 	/System/Library/Frameworks/ApplicationServices.framework/Versions/A/Frameworks/PrintCore.framework/Versions/A/PrintCore
0x00007ff81f2e8000 	/System/Library/Frameworks/ApplicationServices.framework/Versions/A/Frameworks/QD.framework/Versions/A/QD
0x00007ff81f2e0000 	/System/Library/Frameworks/ApplicationServices.framework/Versions/A/Frameworks/ColorSyncLegacy.framework/Versions/A/ColorSyncLegacy
0x00007ff81ef4a000 	/System/Library/Frameworks/ApplicationServices.framework/Versions/A/Frameworks/SpeechSynthesis.framework/Versions/A/SpeechSynthesis
0x00007ff81de27000 	/System/Library/Frameworks/ApplicationServices.framework/Versions/A/Frameworks/ATSUI.framework/Versions/A/ATSUI
0x00007ff81f275000 	/usr/lib/libcups.2.dylib
0x00007ff81f644000 	/System/Library/Frameworks/Kerberos.framework/Versions/A/Kerberos
0x00007ff81f653000 	/System/Library/Frameworks/GSS.framework/Versions/A/GSS
0x00007ff81efc6000 	/usr/lib/libresolv.9.dylib
0x00007ff81d380000 	/System/Library/PrivateFrameworks/Heimdal.framework/Versions/A/Heimdal
0x00007ff826235000 	/System/Library/Frameworks/Kerberos.framework/Versions/A/Libraries/libHeimdalProxy.dylib
0x00007ff817b94000 	/System/Library/Frameworks/Network.framework/Versions/A/Network
0x00007ff81cddb000 	/usr/lib/libheimdal-asn1.dylib
0x00007ff81f69e000 	/System/Library/PrivateFrameworks/CommonAuth.framework/Versions/A/CommonAuth
0x00007ff81eecc000 	/System/Library/PrivateFrameworks/AudioSession.framework/Versions/A/AudioSession
0x00007ff81ce6b000 	/System/Library/PrivateFrameworks/MediaExperience.framework/Versions/A/MediaExperience
0x00007ff81ed5f000 	/System/Library/PrivateFrameworks/AudioSession.framework/libSessionUtility.dylib
0x00007ff81f2f4000 	/System/Library/PrivateFrameworks/AudioResourceArbitration.framework/Versions/A/AudioResourceArbitration
0x00007ff823375000 	/System/Library/PrivateFrameworks/PowerLog.framework/Versions/A/PowerLog
0x00007ff81cde4000 	/System/Library/PrivateFrameworks/IconFoundation.framework/Versions/A/IconFoundation
0x00007ff82212b000 	/System/Library/PrivateFrameworks/SpeechRecognitionCore.framework/Versions/A/SpeechRecognitionCore
0x00000001012a0000 	/Users/saladin/graalvm-ce-java11-21.3.0/Contents/Home/lib/server/libjvm.dylib
0x000000010053f000 	/Users/saladin/graalvm-ce-java11-21.3.0/Contents/Home/lib/libverify.dylib
0x000000010057b000 	/Users/saladin/graalvm-ce-java11-21.3.0/Contents/Home/lib/libjava.dylib
0x000000010054f000 	/Users/saladin/graalvm-ce-java11-21.3.0/Contents/Home/lib/libjimage.dylib
0x0000000100567000 	/Users/saladin/graalvm-ce-java11-21.3.0/Contents/Home/lib/libzip.dylib


VM Arguments:
java_command: <unknown>
java_class_path (initial): <not set>
Launcher Type: SUN_STANDARD

[Global flags]
     uint G1ConcRefinementThreads                  = 8                                         {product} {ergonomic}
    uintx GCDrainStackTargetSize                   = 64                                        {product} {ergonomic}
   size_t InitialHeapSize                          = 268435456                                 {product} {ergonomic}
   size_t MaxHeapSize                              = 4294967296                                {product} {ergonomic}
    uintx ReservedCodeCacheSize                    = 251658240                              {pd product} {ergonomic}
     bool SegmentedCodeCache                       = true                                      {product} {ergonomic}
     bool UseCompressedClassPointers               = true                                 {lp64_product} {ergonomic}
     bool UseCompressedOops                        = true                                 {lp64_product} {ergonomic}
     bool UseG1GC                                  = true                                      {product} {ergonomic}

Logging:
Log output configuration:
 #0: stdout all=warning uptime,level,tags
 #1: stderr all=off uptime,level,tags

Environment Variables:
JAVA_HOME=/Users/saladin/.sdkman/candidates/java/current
PATH=/Users/saladin/development/flutter/bin:/opt/anaconda3/bin:/opt/anaconda3/condabin:/Users/saladin/.sdkman/candidates/java/current/bin:/usr/local/bin:/usr/bin:/bin:/usr/sbin:/sbin:/Library/TeX/texbin:/usr/local/go/bin:/usr/local/share/dotnet:/opt/X11/bin:~/.dotnet/tools:/Library/Apple/usr/bin:/Library/Frameworks/Mono.framework/Versions/Current/Commands:/Applications/Wireshark.app/Contents/MacOS:/Applications/Postgres.app/Contents/Versions/latest/bin:/Applications/Xamarin Workbooks.app/Contents/SharedSupport/path-bin:/Users/saladin/.cargo/bin:/Users/saladin/.rvm/bin:/Users/saladin/confluent-kafka-community/confluent-7.1.1/bin
SHELL=/bin/zsh
LC_CTYPE=en_US.UTF-8

Signal Handlers:
SIGSEGV: [libjvm.dylib+0x7a0464], sa_mask[0]=11111111011111110111111111111111, sa_flags=SA_ONSTACK|SA_RESTART|SA_SIGINFO
SIGBUS: [libjvm.dylib+0x7a0464], sa_mask[0]=11111111011111110111111111111111, sa_flags=SA_RESTART|SA_SIGINFO
SIGFPE: [libjvm.dylib+0x7a0464], sa_mask[0]=11111111011111110111111111111111, sa_flags=SA_RESTART|SA_SIGINFO
SIGPIPE: [libjvm.dylib+0x65c99a], sa_mask[0]=11111111011111110111111111111111, sa_flags=SA_RESTART|SA_SIGINFO
SIGXFSZ: [libjvm.dylib+0x65c99a], sa_mask[0]=11111111011111110111111111111111, sa_flags=SA_RESTART|SA_SIGINFO
SIGILL: [libjvm.dylib+0x7a0464], sa_mask[0]=11111111011111110111111111111111, sa_flags=SA_RESTART|SA_SIGINFO
SIGUSR2: [libjvm.dylib+0x65cf83], sa_mask[0]=00000000000000000000000000000000, sa_flags=SA_RESTART|SA_SIGINFO
SIGHUP: SIG_DFL, sa_mask[0]=00000000000000000000000000000000, sa_flags=none
SIGINT: SIG_DFL, sa_mask[0]=00000000000000000000000000000000, sa_flags=SA_RESTART
SIGTERM: SIG_DFL, sa_mask[0]=00000000000000000000000000000000, sa_flags=SA_RESTART
SIGQUIT: SIG_DFL, sa_mask[0]=00000000000000000000000000000000, sa_flags=SA_RESTART


---------------  S Y S T E M  ---------------

OS:uname:Darwin 21.5.0 Darwin Kernel Version 21.5.0: Tue Apr 26 21:08:22 PDT 2022; root:xnu-8020.121.3~4/RELEASE_X86_64 x86_64
OS uptime: 0 days 0:03 hours
rlimit (soft/hard): STACK 8192k/65532k , CORE 0k/infinity , NPROC 2784/4176 , NOFILE 10240/infinity , AS infinity/infinity , CPU infinity/infinity , DATA infinity/infinity , FSIZE infinity/infinity , MEMLOCK infinity/infinity , RSS infinity/infinity
load average:315.07 219.49 96.44

CPU:total 8 (initial active 8) 

Memory: 4k page, physical 16777216k(103668k free), swap 0k(0k free)

vm_info: OpenJDK 64-Bit Server VM (11.0.13+7-jvmci-21.3-b05) for bsd-amd64 JRE (11.0.13+7-jvmci-21.3-b05), built on Oct 15 2021 23:02:45 by "graal1" with clang 4.2.1 Compatible Apple LLVM 10.0.0 (clang-1000.11.45.5)

END.
